<?xml version="1.0" encoding="utf-8"?><testsuites><testsuite name="pytest" errors="0" failures="0" skipped="0" tests="4" time="78.504" timestamp="2024-11-20T12:44:02.173602-05:00" hostname="macbook-2"><testcase classname="test_offline" name="test_invalid_json" time="10.582" /><testcase classname="test_offline" name="test_analog_input" time="24.173" /><testcase classname="test_offline" name="test_digital_input" time="27.073" /><testcase classname="test_offline" name="test_ds18b20" time="16.646" /></testsuite></testsuites>